D:\Anaconda3\python.exe C:/Users/qingyue/PycharmProjects/PytorchMT/MyMain.py
loading existing data...
start training...
2018-12-20 20:09:12,613 - INFO: Epoch: 1/10 iter: 64/5467 loss: 6.153
2018-12-20 20:11:36,979 - INFO: Epoch: 1/10 iter: 128/5467 loss: 6.187
2018-12-20 20:13:44,527 - INFO: Epoch: 1/10 iter: 192/5467 loss: 5.859
2018-12-20 20:15:46,299 - INFO: Epoch: 1/10 iter: 256/5467 loss: 6.21
2018-12-20 20:17:44,255 - INFO: Epoch: 1/10 iter: 320/5467 loss: 6.264
2018-12-20 20:19:44,486 - INFO: Epoch: 1/10 iter: 384/5467 loss: 6.137
2018-12-20 20:21:48,426 - INFO: Epoch: 1/10 iter: 448/5467 loss: 6.167
2018-12-20 20:24:22,524 - INFO: Epoch: 1/10 iter: 512/5467 loss: 6.056
2018-12-20 20:26:23,646 - INFO: Epoch: 1/10 iter: 576/5467 loss: 5.702
2018-12-20 20:28:36,294 - INFO: Epoch: 1/10 iter: 640/5467 loss: 6.252
2018-12-20 20:30:44,334 - INFO: Epoch: 1/10 iter: 704/5467 loss: 5.988
2018-12-20 20:33:01,812 - INFO: Epoch: 1/10 iter: 768/5467 loss: 5.935
2018-12-20 20:35:14,652 - INFO: Epoch: 1/10 iter: 832/5467 loss: 5.936
2018-12-20 20:37:45,493 - INFO: Epoch: 1/10 iter: 896/5467 loss: 6.025
2018-12-20 20:39:42,825 - INFO: Epoch: 1/10 iter: 960/5467 loss: 5.832
2018-12-20 20:41:44,153 - INFO: Epoch: 1/10 iter: 1024/5467 loss: 5.86
2018-12-20 20:43:43,378 - INFO: Epoch: 1/10 iter: 1088/5467 loss: 6.003
2018-12-20 20:45:48,629 - INFO: Epoch: 1/10 iter: 1152/5467 loss: 6.077
2018-12-20 20:47:50,786 - INFO: Epoch: 1/10 iter: 1216/5467 loss: 5.883
2018-12-20 20:49:55,108 - INFO: Epoch: 1/10 iter: 1280/5467 loss: 5.879
2018-12-20 20:52:06,965 - INFO: Epoch: 1/10 iter: 1344/5467 loss: 5.888
2018-12-20 20:54:03,513 - INFO: Epoch: 1/10 iter: 1408/5467 loss: 5.824
2018-12-20 20:56:14,617 - INFO: Epoch: 1/10 iter: 1472/5467 loss: 6.007
2018-12-20 20:58:18,327 - INFO: Epoch: 1/10 iter: 1536/5467 loss: 5.922
2018-12-20 21:00:15,665 - INFO: Epoch: 1/10 iter: 1600/5467 loss: 5.743
2018-12-20 21:02:16,511 - INFO: Epoch: 1/10 iter: 1664/5467 loss: 5.852
2018-12-20 21:04:14,613 - INFO: Epoch: 1/10 iter: 1728/5467 loss: 5.916
2018-12-20 21:06:16,152 - INFO: Epoch: 1/10 iter: 1792/5467 loss: 5.74
2018-12-20 21:08:13,911 - INFO: Epoch: 1/10 iter: 1856/5467 loss: 5.996
2018-12-20 21:10:10,989 - INFO: Epoch: 1/10 iter: 1920/5467 loss: 6.003
2018-12-20 21:12:03,670 - INFO: Epoch: 1/10 iter: 1984/5467 loss: 5.845
2018-12-20 21:14:11,084 - INFO: Epoch: 1/10 iter: 2048/5467 loss: 5.89
2018-12-20 21:16:11,135 - INFO: Epoch: 1/10 iter: 2112/5467 loss: 5.873
2018-12-20 21:18:17,262 - INFO: Epoch: 1/10 iter: 2176/5467 loss: 5.923
2018-12-20 21:20:19,108 - INFO: Epoch: 1/10 iter: 2240/5467 loss: 5.857
2018-12-20 21:22:21,726 - INFO: Epoch: 1/10 iter: 2304/5467 loss: 5.949
2018-12-20 21:26:07,487 - INFO: Epoch: 1/10 iter: 2368/5467 loss: 5.835
2018-12-20 22:11:23,881 - INFO: Epoch: 1/10 iter: 2432/5467 loss: 5.924
2018-12-20 22:13:16,667 - INFO: Epoch: 1/10 iter: 2496/5467 loss: 5.999
2018-12-20 22:15:07,077 - INFO: Epoch: 1/10 iter: 2560/5467 loss: 5.988
2018-12-20 22:17:00,393 - INFO: Epoch: 1/10 iter: 2624/5467 loss: 5.848
2018-12-20 22:18:54,829 - INFO: Epoch: 1/10 iter: 2688/5467 loss: 5.865
2018-12-20 22:20:52,955 - INFO: Epoch: 1/10 iter: 2752/5467 loss: 5.951
2018-12-20 22:23:03,132 - INFO: Epoch: 1/10 iter: 2816/5467 loss: 5.876
2018-12-20 22:25:24,623 - INFO: Epoch: 1/10 iter: 2880/5467 loss: 5.934
2018-12-20 22:27:20,701 - INFO: Epoch: 1/10 iter: 2944/5467 loss: 5.812
2018-12-20 22:29:23,872 - INFO: Epoch: 1/10 iter: 3008/5467 loss: 5.845
2018-12-20 22:31:25,489 - INFO: Epoch: 1/10 iter: 3072/5467 loss: 5.925
2018-12-20 22:33:21,921 - INFO: Epoch: 1/10 iter: 3136/5467 loss: 5.828
2018-12-20 22:35:37,866 - INFO: Epoch: 1/10 iter: 3200/5467 loss: 5.953
2018-12-20 22:37:52,205 - INFO: Epoch: 1/10 iter: 3264/5467 loss: 5.969
2018-12-20 22:39:59,898 - INFO: Epoch: 1/10 iter: 3328/5467 loss: 5.985
2018-12-20 22:41:58,607 - INFO: Epoch: 1/10 iter: 3392/5467 loss: 5.964
2018-12-20 22:43:58,533 - INFO: Epoch: 1/10 iter: 3456/5467 loss: 6.066
2018-12-20 22:46:05,007 - INFO: Epoch: 1/10 iter: 3520/5467 loss: 5.899
2018-12-20 22:48:08,446 - INFO: Epoch: 1/10 iter: 3584/5467 loss: 5.845
2018-12-20 22:50:38,430 - INFO: Epoch: 1/10 iter: 3648/5467 loss: 5.851
2018-12-20 22:53:02,463 - INFO: Epoch: 1/10 iter: 3712/5467 loss: 6.103
2018-12-20 22:55:17,474 - INFO: Epoch: 1/10 iter: 3776/5467 loss: 5.911
2018-12-20 22:57:37,060 - INFO: Epoch: 1/10 iter: 3840/5467 loss: 5.882
2018-12-20 22:59:59,018 - INFO: Epoch: 1/10 iter: 3904/5467 loss: 5.885
2018-12-20 23:02:17,819 - INFO: Epoch: 1/10 iter: 3968/5467 loss: 5.875
2018-12-20 23:04:40,138 - INFO: Epoch: 1/10 iter: 4032/5467 loss: 5.869
2018-12-20 23:07:01,632 - INFO: Epoch: 1/10 iter: 4096/5467 loss: 5.814
2018-12-20 23:09:18,782 - INFO: Epoch: 1/10 iter: 4160/5467 loss: 5.816
2018-12-20 23:11:44,245 - INFO: Epoch: 1/10 iter: 4224/5467 loss: 5.906
2018-12-20 23:14:08,016 - INFO: Epoch: 1/10 iter: 4288/5467 loss: 5.86
2018-12-20 23:16:25,089 - INFO: Epoch: 1/10 iter: 4352/5467 loss: 5.852
2018-12-20 23:18:49,358 - INFO: Epoch: 1/10 iter: 4416/5467 loss: 5.916
2018-12-20 23:21:06,312 - INFO: Epoch: 1/10 iter: 4480/5467 loss: 5.809
2018-12-20 23:23:23,991 - INFO: Epoch: 1/10 iter: 4544/5467 loss: 5.665
2018-12-20 23:25:47,978 - INFO: Epoch: 1/10 iter: 4608/5467 loss: 5.913
2018-12-20 23:28:04,623 - INFO: Epoch: 1/10 iter: 4672/5467 loss: 5.726
2018-12-20 23:30:22,480 - INFO: Epoch: 1/10 iter: 4736/5467 loss: 5.695
2018-12-20 23:32:41,424 - INFO: Epoch: 1/10 iter: 4800/5467 loss: 5.747
2018-12-20 23:34:58,126 - INFO: Epoch: 1/10 iter: 4864/5467 loss: 5.717
2018-12-20 23:37:14,924 - INFO: Epoch: 1/10 iter: 4928/5467 loss: 5.72
2018-12-20 23:39:31,218 - INFO: Epoch: 1/10 iter: 4992/5467 loss: 5.753
2018-12-20 23:41:52,702 - INFO: Epoch: 1/10 iter: 5056/5467 loss: 5.872
2018-12-20 23:44:17,253 - INFO: Epoch: 1/10 iter: 5120/5467 loss: 5.835
2018-12-20 23:46:31,689 - INFO: Epoch: 1/10 iter: 5184/5467 loss: 5.77
2018-12-20 23:48:49,409 - INFO: Epoch: 1/10 iter: 5248/5467 loss: 5.933
2018-12-20 23:51:14,947 - INFO: Epoch: 1/10 iter: 5312/5467 loss: 5.885
2018-12-20 23:53:36,424 - INFO: Epoch: 1/10 iter: 5376/5467 loss: 5.723
2018-12-20 23:55:50,411 - INFO: Epoch: 1/10 iter: 5440/5467 loss: 5.813
2018-12-20 23:59:08,770 - INFO: Epoch: 2/10 iter: 64/5467 loss: 5.745
2018-12-21 00:01:34,640 - INFO: Epoch: 2/10 iter: 128/5467 loss: 5.661
2018-12-21 00:03:56,410 - INFO: Epoch: 2/10 iter: 192/5467 loss: 5.701
2018-12-21 00:06:14,298 - INFO: Epoch: 2/10 iter: 256/5467 loss: 5.887
2018-12-21 00:08:40,067 - INFO: Epoch: 2/10 iter: 320/5467 loss: 5.834
2018-12-21 00:11:10,090 - INFO: Epoch: 2/10 iter: 384/5467 loss: 5.828
2018-12-21 00:13:32,554 - INFO: Epoch: 2/10 iter: 448/5467 loss: 5.738
2018-12-21 00:15:53,196 - INFO: Epoch: 2/10 iter: 512/5467 loss: 5.685
2018-12-21 00:18:12,470 - INFO: Epoch: 2/10 iter: 576/5467 loss: 5.707
2018-12-21 00:20:35,527 - INFO: Epoch: 2/10 iter: 640/5467 loss: 5.766
2018-12-21 00:23:02,119 - INFO: Epoch: 2/10 iter: 704/5467 loss: 5.65
2018-12-21 00:25:22,755 - INFO: Epoch: 2/10 iter: 768/5467 loss: 5.653
2018-12-21 00:27:45,285 - INFO: Epoch: 2/10 iter: 832/5467 loss: 5.695
2018-12-21 00:30:11,840 - INFO: Epoch: 2/10 iter: 896/5467 loss: 5.775
2018-12-21 00:32:37,257 - INFO: Epoch: 2/10 iter: 960/5467 loss: 5.643
2018-12-21 00:35:14,104 - INFO: Epoch: 2/10 iter: 1024/5467 loss: 5.734
2018-12-21 00:38:15,915 - INFO: Epoch: 2/10 iter: 1088/5467 loss: 5.639
2018-12-21 00:40:44,747 - INFO: Epoch: 2/10 iter: 1152/5467 loss: 5.683
2018-12-21 00:43:08,369 - INFO: Epoch: 2/10 iter: 1216/5467 loss: 5.692
2018-12-21 00:45:29,339 - INFO: Epoch: 2/10 iter: 1280/5467 loss: 5.776
2018-12-21 00:47:50,800 - INFO: Epoch: 2/10 iter: 1344/5467 loss: 5.757
2018-12-21 00:50:06,665 - INFO: Epoch: 2/10 iter: 1408/5467 loss: 5.68
2018-12-21 00:52:27,480 - INFO: Epoch: 2/10 iter: 1472/5467 loss: 5.574
2018-12-21 00:54:46,435 - INFO: Epoch: 2/10 iter: 1536/5467 loss: 5.769
2018-12-21 00:57:05,084 - INFO: Epoch: 2/10 iter: 1600/5467 loss: 5.84
2018-12-21 00:59:24,610 - INFO: Epoch: 2/10 iter: 1664/5467 loss: 5.735
2018-12-21 01:01:50,714 - INFO: Epoch: 2/10 iter: 1728/5467 loss: 5.581
2018-12-21 01:04:23,115 - INFO: Epoch: 2/10 iter: 1792/5467 loss: 5.648
2018-12-21 01:06:42,605 - INFO: Epoch: 2/10 iter: 1856/5467 loss: 5.709
2018-12-21 01:08:58,221 - INFO: Epoch: 2/10 iter: 1920/5467 loss: 5.776
2018-12-21 01:11:22,528 - INFO: Epoch: 2/10 iter: 1984/5467 loss: 5.603
2018-12-21 01:13:43,288 - INFO: Epoch: 2/10 iter: 2048/5467 loss: 5.424
2018-12-21 01:16:03,050 - INFO: Epoch: 2/10 iter: 2112/5467 loss: 5.731
2018-12-21 01:18:24,815 - INFO: Epoch: 2/10 iter: 2176/5467 loss: 5.541
2018-12-21 01:20:44,141 - INFO: Epoch: 2/10 iter: 2240/5467 loss: 5.675
2018-12-21 01:23:03,768 - INFO: Epoch: 2/10 iter: 2304/5467 loss: 5.708
2018-12-21 01:25:24,641 - INFO: Epoch: 2/10 iter: 2368/5467 loss: 5.616
2018-12-21 01:27:39,450 - INFO: Epoch: 2/10 iter: 2432/5467 loss: 5.596
2018-12-21 01:29:56,027 - INFO: Epoch: 2/10 iter: 2496/5467 loss: 5.552
2018-12-21 01:32:16,217 - INFO: Epoch: 2/10 iter: 2560/5467 loss: 5.697
2018-12-21 01:34:34,003 - INFO: Epoch: 2/10 iter: 2624/5467 loss: 5.693
2018-12-21 01:37:02,265 - INFO: Epoch: 2/10 iter: 2688/5467 loss: 5.64
2018-12-21 01:39:57,120 - INFO: Epoch: 2/10 iter: 2752/5467 loss: 5.639
2018-12-21 01:42:14,119 - INFO: Epoch: 2/10 iter: 2816/5467 loss: 5.748
2018-12-21 01:44:39,283 - INFO: Epoch: 2/10 iter: 2880/5467 loss: 5.701
2018-12-21 01:46:59,738 - INFO: Epoch: 2/10 iter: 2944/5467 loss: 5.765
2018-12-21 01:49:19,982 - INFO: Epoch: 2/10 iter: 3008/5467 loss: 5.563
2018-12-21 01:51:39,739 - INFO: Epoch: 2/10 iter: 3072/5467 loss: 5.653
2018-12-21 01:54:00,514 - INFO: Epoch: 2/10 iter: 3136/5467 loss: 5.62
2018-12-21 01:56:15,817 - INFO: Epoch: 2/10 iter: 3200/5467 loss: 5.483
2018-12-21 01:58:34,438 - INFO: Epoch: 2/10 iter: 3264/5467 loss: 5.571
2018-12-21 02:00:52,924 - INFO: Epoch: 2/10 iter: 3328/5467 loss: 5.633
2018-12-21 02:03:14,582 - INFO: Epoch: 2/10 iter: 3392/5467 loss: 5.789
2018-12-21 02:05:36,521 - INFO: Epoch: 2/10 iter: 3456/5467 loss: 5.626
2018-12-21 02:07:55,210 - INFO: Epoch: 2/10 iter: 3520/5467 loss: 5.71
2018-12-21 02:10:18,836 - INFO: Epoch: 2/10 iter: 3584/5467 loss: 5.828
2018-12-21 02:12:37,357 - INFO: Epoch: 2/10 iter: 3648/5467 loss: 5.713
2018-12-21 02:14:56,146 - INFO: Epoch: 2/10 iter: 3712/5467 loss: 5.548
2018-12-21 02:17:21,430 - INFO: Epoch: 2/10 iter: 3776/5467 loss: 5.597
2018-12-21 02:19:42,389 - INFO: Epoch: 2/10 iter: 3840/5467 loss: 5.58
2018-12-21 02:21:56,785 - INFO: Epoch: 2/10 iter: 3904/5467 loss: 5.543
2018-12-21 02:24:25,301 - INFO: Epoch: 2/10 iter: 3968/5467 loss: 5.722
2018-12-21 02:26:51,504 - INFO: Epoch: 2/10 iter: 4032/5467 loss: 5.447
2018-12-21 02:29:12,194 - INFO: Epoch: 2/10 iter: 4096/5467 loss: 5.616
2018-12-21 02:31:33,610 - INFO: Epoch: 2/10 iter: 4160/5467 loss: 5.707
2018-12-21 02:33:54,107 - INFO: Epoch: 2/10 iter: 4224/5467 loss: 5.579
2018-12-21 02:36:51,249 - INFO: Epoch: 2/10 iter: 4288/5467 loss: 5.566
2018-12-21 02:39:11,399 - INFO: Epoch: 2/10 iter: 4352/5467 loss: 5.615
2018-12-21 02:41:35,456 - INFO: Epoch: 2/10 iter: 4416/5467 loss: 5.791
2018-12-21 02:43:50,455 - INFO: Epoch: 2/10 iter: 4480/5467 loss: 5.568
2018-12-21 02:46:15,463 - INFO: Epoch: 2/10 iter: 4544/5467 loss: 5.673
2018-12-21 02:48:31,917 - INFO: Epoch: 2/10 iter: 4608/5467 loss: 5.688
2018-12-21 02:50:54,519 - INFO: Epoch: 2/10 iter: 4672/5467 loss: 5.75
2018-12-21 02:53:18,559 - INFO: Epoch: 2/10 iter: 4736/5467 loss: 5.605
2018-12-21 02:55:44,155 - INFO: Epoch: 2/10 iter: 4800/5467 loss: 5.589
2018-12-21 02:57:58,780 - INFO: Epoch: 2/10 iter: 4864/5467 loss: 5.752
2018-12-21 03:00:21,295 - INFO: Epoch: 2/10 iter: 4928/5467 loss: 5.833
2018-12-21 03:02:38,685 - INFO: Epoch: 2/10 iter: 4992/5467 loss: 5.703
2018-12-21 03:05:02,015 - INFO: Epoch: 2/10 iter: 5056/5467 loss: 5.525
2018-12-21 03:07:22,055 - INFO: Epoch: 2/10 iter: 5120/5467 loss: 5.636
2018-12-21 03:09:46,027 - INFO: Epoch: 2/10 iter: 5184/5467 loss: 5.543
2018-12-21 03:12:05,986 - INFO: Epoch: 2/10 iter: 5248/5467 loss: 5.577
2018-12-21 03:14:25,107 - INFO: Epoch: 2/10 iter: 5312/5467 loss: 5.793
2018-12-21 03:16:52,999 - INFO: Epoch: 2/10 iter: 5376/5467 loss: 5.655
2018-12-21 03:19:10,788 - INFO: Epoch: 2/10 iter: 5440/5467 loss: 5.741
2018-12-21 03:22:29,331 - INFO: Epoch: 3/10 iter: 64/5467 loss: 5.507
2018-12-21 03:24:49,984 - INFO: Epoch: 3/10 iter: 128/5467 loss: 5.512
2018-12-21 03:27:13,494 - INFO: Epoch: 3/10 iter: 192/5467 loss: 5.506
2018-12-21 03:29:33,863 - INFO: Epoch: 3/10 iter: 256/5467 loss: 5.647
2018-12-21 03:31:59,376 - INFO: Epoch: 3/10 iter: 320/5467 loss: 5.425
2018-12-21 03:34:19,261 - INFO: Epoch: 3/10 iter: 384/5467 loss: 5.442
2018-12-21 03:36:41,559 - INFO: Epoch: 3/10 iter: 448/5467 loss: 5.516
2018-12-21 03:39:02,119 - INFO: Epoch: 3/10 iter: 512/5467 loss: 5.297
2018-12-21 03:41:25,585 - INFO: Epoch: 3/10 iter: 576/5467 loss: 5.458
2018-12-21 03:43:46,425 - INFO: Epoch: 3/10 iter: 640/5467 loss: 5.39
2018-12-21 03:46:16,053 - INFO: Epoch: 3/10 iter: 704/5467 loss: 5.562
2018-12-21 03:48:36,340 - INFO: Epoch: 3/10 iter: 768/5467 loss: 5.467
2018-12-21 03:51:02,549 - INFO: Epoch: 3/10 iter: 832/5467 loss: 5.596
2018-12-21 03:53:22,937 - INFO: Epoch: 3/10 iter: 896/5467 loss: 5.672
2018-12-21 03:55:39,607 - INFO: Epoch: 3/10 iter: 960/5467 loss: 5.699
2018-12-21 03:58:03,336 - INFO: Epoch: 3/10 iter: 1024/5467 loss: 5.384
2018-12-21 04:00:25,336 - INFO: Epoch: 3/10 iter: 1088/5467 loss: 5.658
2018-12-21 04:02:45,202 - INFO: Epoch: 3/10 iter: 1152/5467 loss: 5.408
2018-12-21 04:05:08,386 - INFO: Epoch: 3/10 iter: 1216/5467 loss: 5.643
2018-12-21 04:07:31,615 - INFO: Epoch: 3/10 iter: 1280/5467 loss: 5.273
2018-12-21 04:09:47,957 - INFO: Epoch: 3/10 iter: 1344/5467 loss: 5.517
2018-12-21 04:12:07,726 - INFO: Epoch: 3/10 iter: 1408/5467 loss: 5.513
2018-12-21 04:14:29,696 - INFO: Epoch: 3/10 iter: 1472/5467 loss: 5.619
2018-12-21 04:16:53,745 - INFO: Epoch: 3/10 iter: 1536/5467 loss: 5.309
2018-12-21 04:19:11,666 - INFO: Epoch: 3/10 iter: 1600/5467 loss: 5.543
2018-12-21 04:21:32,849 - INFO: Epoch: 3/10 iter: 1664/5467 loss: 5.659
2018-12-21 04:23:53,874 - INFO: Epoch: 3/10 iter: 1728/5467 loss: 5.525
2018-12-21 04:26:16,089 - INFO: Epoch: 3/10 iter: 1792/5467 loss: 5.47
2018-12-21 04:28:45,126 - INFO: Epoch: 3/10 iter: 1856/5467 loss: 5.575
2018-12-21 04:31:08,914 - INFO: Epoch: 3/10 iter: 1920/5467 loss: 5.533
2018-12-21 04:33:25,464 - INFO: Epoch: 3/10 iter: 1984/5467 loss: 5.588
2018-12-21 04:36:22,122 - INFO: Epoch: 3/10 iter: 2048/5467 loss: 5.489
2018-12-21 04:38:54,593 - INFO: Epoch: 3/10 iter: 2112/5467 loss: 5.531
2018-12-21 04:41:16,151 - INFO: Epoch: 3/10 iter: 2176/5467 loss: 5.486
2018-12-21 04:43:37,784 - INFO: Epoch: 3/10 iter: 2240/5467 loss: 5.415
2018-12-21 04:46:00,349 - INFO: Epoch: 3/10 iter: 2304/5467 loss: 5.44
2018-12-21 04:48:25,114 - INFO: Epoch: 3/10 iter: 2368/5467 loss: 5.367
2018-12-21 04:50:53,224 - INFO: Epoch: 3/10 iter: 2432/5467 loss: 5.291
2018-12-21 04:53:14,911 - INFO: Epoch: 3/10 iter: 2496/5467 loss: 5.352
2018-12-21 04:55:36,507 - INFO: Epoch: 3/10 iter: 2560/5467 loss: 5.581
2018-12-21 04:58:01,289 - INFO: Epoch: 3/10 iter: 2624/5467 loss: 5.571
2018-12-21 05:00:22,032 - INFO: Epoch: 3/10 iter: 2688/5467 loss: 5.547
2018-12-21 05:02:47,046 - INFO: Epoch: 3/10 iter: 2752/5467 loss: 5.611
2018-12-21 05:05:12,885 - INFO: Epoch: 3/10 iter: 2816/5467 loss: 5.255
2018-12-21 05:07:39,695 - INFO: Epoch: 3/10 iter: 2880/5467 loss: 5.458
2018-12-21 05:10:03,233 - INFO: Epoch: 3/10 iter: 2944/5467 loss: 5.569
2018-12-21 05:12:24,456 - INFO: Epoch: 3/10 iter: 3008/5467 loss: 5.246
2018-12-21 05:14:46,668 - INFO: Epoch: 3/10 iter: 3072/5467 loss: 5.468
2018-12-21 05:17:11,964 - INFO: Epoch: 3/10 iter: 3136/5467 loss: 5.515
2018-12-21 05:19:37,877 - INFO: Epoch: 3/10 iter: 3200/5467 loss: 5.633
2018-12-21 05:22:00,308 - INFO: Epoch: 3/10 iter: 3264/5467 loss: 5.484
2018-12-21 05:24:24,226 - INFO: Epoch: 3/10 iter: 3328/5467 loss: 5.268
2018-12-21 05:26:50,984 - INFO: Epoch: 3/10 iter: 3392/5467 loss: 5.465
2018-12-21 05:29:17,393 - INFO: Epoch: 3/10 iter: 3456/5467 loss: 5.496
2018-12-21 05:31:39,508 - INFO: Epoch: 3/10 iter: 3520/5467 loss: 5.432
2018-12-21 05:34:05,747 - INFO: Epoch: 3/10 iter: 3584/5467 loss: 5.589
2018-12-21 05:36:31,837 - INFO: Epoch: 3/10 iter: 3648/5467 loss: 5.453
2018-12-21 05:38:51,801 - INFO: Epoch: 3/10 iter: 3712/5467 loss: 5.31
2018-12-21 05:41:11,977 - INFO: Epoch: 3/10 iter: 3776/5467 loss: 5.318
2018-12-21 05:43:36,227 - INFO: Epoch: 3/10 iter: 3840/5467 loss: 5.446
2018-12-21 05:46:01,343 - INFO: Epoch: 3/10 iter: 3904/5467 loss: 5.51
2018-12-21 05:48:23,888 - INFO: Epoch: 3/10 iter: 3968/5467 loss: 5.363
2018-12-21 05:50:47,460 - INFO: Epoch: 3/10 iter: 4032/5467 loss: 5.402
2018-12-21 05:53:11,508 - INFO: Epoch: 3/10 iter: 4096/5467 loss: 5.406
2018-12-21 05:55:41,907 - INFO: Epoch: 3/10 iter: 4160/5467 loss: 5.332
2018-12-21 05:57:58,251 - INFO: Epoch: 3/10 iter: 4224/5467 loss: 5.478
2018-12-21 06:00:22,817 - INFO: Epoch: 3/10 iter: 4288/5467 loss: 5.374
2018-12-21 06:02:45,101 - INFO: Epoch: 3/10 iter: 4352/5467 loss: 5.507
2018-12-21 06:05:06,904 - INFO: Epoch: 3/10 iter: 4416/5467 loss: 5.53
2018-12-21 06:07:26,055 - INFO: Epoch: 3/10 iter: 4480/5467 loss: 5.512
2018-12-21 06:09:51,186 - INFO: Epoch: 3/10 iter: 4544/5467 loss: 5.467
2018-12-21 06:12:12,615 - INFO: Epoch: 3/10 iter: 4608/5467 loss: 5.287
2018-12-21 06:14:31,294 - INFO: Epoch: 3/10 iter: 4672/5467 loss: 5.472
2018-12-21 06:16:50,483 - INFO: Epoch: 3/10 iter: 4736/5467 loss: 5.556
2018-12-21 06:19:13,790 - INFO: Epoch: 3/10 iter: 4800/5467 loss: 5.558
2018-12-21 06:21:36,468 - INFO: Epoch: 3/10 iter: 4864/5467 loss: 5.557
2018-12-21 06:23:56,409 - INFO: Epoch: 3/10 iter: 4928/5467 loss: 5.459
2018-12-21 06:26:19,727 - INFO: Epoch: 3/10 iter: 4992/5467 loss: 5.299
2018-12-21 06:28:43,141 - INFO: Epoch: 3/10 iter: 5056/5467 loss: 5.463
2018-12-21 06:31:09,968 - INFO: Epoch: 3/10 iter: 5120/5467 loss: 5.545
2018-12-21 06:33:29,723 - INFO: Epoch: 3/10 iter: 5184/5467 loss: 5.262
2018-12-21 06:36:23,983 - INFO: Epoch: 3/10 iter: 5248/5467 loss: 5.508
2018-12-21 06:38:51,574 - INFO: Epoch: 3/10 iter: 5312/5467 loss: 5.282
2018-12-21 06:41:17,945 - INFO: Epoch: 3/10 iter: 5376/5467 loss: 5.534
2018-12-21 06:43:38,741 - INFO: Epoch: 3/10 iter: 5440/5467 loss: 5.518
2018-12-21 06:47:06,611 - INFO: Epoch: 4/10 iter: 64/5467 loss: 5.122
2018-12-21 06:49:31,599 - INFO: Epoch: 4/10 iter: 128/5467 loss: 5.342
2018-12-21 06:52:00,643 - INFO: Epoch: 4/10 iter: 192/5467 loss: 5.164
2018-12-21 06:54:18,245 - INFO: Epoch: 4/10 iter: 256/5467 loss: 5.177
2018-12-21 06:56:42,801 - INFO: Epoch: 4/10 iter: 320/5467 loss: 5.287
2018-12-21 06:59:21,143 - INFO: Epoch: 4/10 iter: 384/5467 loss: 5.142
2018-12-21 07:02:07,038 - INFO: Epoch: 4/10 iter: 448/5467 loss: 5.428
2018-12-21 07:04:40,059 - INFO: Epoch: 4/10 iter: 512/5467 loss: 5.106
2018-12-21 07:07:24,665 - INFO: Epoch: 4/10 iter: 576/5467 loss: 5.163
2018-12-21 07:09:54,990 - INFO: Epoch: 4/10 iter: 640/5467 loss: 5.206
2018-12-21 07:12:26,751 - INFO: Epoch: 4/10 iter: 704/5467 loss: 5.226
2018-12-21 07:14:57,682 - INFO: Epoch: 4/10 iter: 768/5467 loss: 5.201
2018-12-21 07:17:27,954 - INFO: Epoch: 4/10 iter: 832/5467 loss: 5.342
2018-12-21 07:19:48,157 - INFO: Epoch: 4/10 iter: 896/5467 loss: 5.319
2018-12-21 07:22:13,510 - INFO: Epoch: 4/10 iter: 960/5467 loss: 5.382
2018-12-21 07:24:35,704 - INFO: Epoch: 4/10 iter: 1024/5467 loss: 5.375
2018-12-21 07:26:51,627 - INFO: Epoch: 4/10 iter: 1088/5467 loss: 5.433
2018-12-21 07:29:12,164 - INFO: Epoch: 4/10 iter: 1152/5467 loss: 5.276
2018-12-21 07:31:39,303 - INFO: Epoch: 4/10 iter: 1216/5467 loss: 5.37
2018-12-21 07:33:58,294 - INFO: Epoch: 4/10 iter: 1280/5467 loss: 5.284
2018-12-21 07:36:22,809 - INFO: Epoch: 4/10 iter: 1344/5467 loss: 5.469
2018-12-21 07:38:48,634 - INFO: Epoch: 4/10 iter: 1408/5467 loss: 5.315
2018-12-21 07:41:15,917 - INFO: Epoch: 4/10 iter: 1472/5467 loss: 5.087
2018-12-21 07:43:45,547 - INFO: Epoch: 4/10 iter: 1536/5467 loss: 5.327
2018-12-21 07:46:12,381 - INFO: Epoch: 4/10 iter: 1600/5467 loss: 5.228
2018-12-21 07:48:42,347 - INFO: Epoch: 4/10 iter: 1664/5467 loss: 5.235
2018-12-21 07:51:07,677 - INFO: Epoch: 4/10 iter: 1728/5467 loss: 5.153
2018-12-21 07:53:36,126 - INFO: Epoch: 4/10 iter: 1792/5467 loss: 5.253
2018-12-21 07:55:47,761 - INFO: Epoch: 4/10 iter: 1856/5467 loss: 5.496
2018-12-21 07:57:59,069 - INFO: Epoch: 4/10 iter: 1920/5467 loss: 5.304
2018-12-21 08:00:09,946 - INFO: Epoch: 4/10 iter: 1984/5467 loss: 5.255
2018-12-21 08:02:17,164 - INFO: Epoch: 4/10 iter: 2048/5467 loss: 5.237
2018-12-21 08:04:22,001 - INFO: Epoch: 4/10 iter: 2112/5467 loss: 5.186
2018-12-21 08:06:29,602 - INFO: Epoch: 4/10 iter: 2176/5467 loss: 5.341
2018-12-21 08:08:41,963 - INFO: Epoch: 4/10 iter: 2240/5467 loss: 5.306
2018-12-21 08:10:53,009 - INFO: Epoch: 4/10 iter: 2304/5467 loss: 5.155
2018-12-21 08:13:19,849 - INFO: Epoch: 4/10 iter: 2368/5467 loss: 5.191
2018-12-21 08:15:46,806 - INFO: Epoch: 4/10 iter: 2432/5467 loss: 5.33
2018-12-21 08:18:13,849 - INFO: Epoch: 4/10 iter: 2496/5467 loss: 5.273
2018-12-21 08:20:26,201 - INFO: Epoch: 4/10 iter: 2560/5467 loss: 5.13
2018-12-21 08:22:48,801 - INFO: Epoch: 4/10 iter: 2624/5467 loss: 5.277
2018-12-21 08:25:15,450 - INFO: Epoch: 4/10 iter: 2688/5467 loss: 5.05
2018-12-21 08:27:41,910 - INFO: Epoch: 4/10 iter: 2752/5467 loss: 5.119
2018-12-21 08:30:05,670 - INFO: Epoch: 4/10 iter: 2816/5467 loss: 5.414
2018-12-21 08:32:30,640 - INFO: Epoch: 4/10 iter: 2880/5467 loss: 5.264
2018-12-21 08:35:04,004 - INFO: Epoch: 4/10 iter: 2944/5467 loss: 5.058
2018-12-21 08:37:53,024 - INFO: Epoch: 4/10 iter: 3008/5467 loss: 5.305
2018-12-21 08:40:17,780 - INFO: Epoch: 4/10 iter: 3072/5467 loss: 5.144
2018-12-21 08:42:41,790 - INFO: Epoch: 4/10 iter: 3136/5467 loss: 5.207
2018-12-21 08:45:05,609 - INFO: Epoch: 4/10 iter: 3200/5467 loss: 5.282
2018-12-21 08:47:30,589 - INFO: Epoch: 4/10 iter: 3264/5467 loss: 5.235
2018-12-21 08:49:56,043 - INFO: Epoch: 4/10 iter: 3328/5467 loss: 5.277
2018-12-21 08:52:16,795 - INFO: Epoch: 4/10 iter: 3392/5467 loss: 5.129
2018-12-21 08:54:42,713 - INFO: Epoch: 4/10 iter: 3456/5467 loss: 5.333
2018-12-21 08:57:11,825 - INFO: Epoch: 4/10 iter: 3520/5467 loss: 5.271
2018-12-21 08:59:36,195 - INFO: Epoch: 4/10 iter: 3584/5467 loss: 5.329
2018-12-21 09:02:07,422 - INFO: Epoch: 4/10 iter: 3648/5467 loss: 5.359
2018-12-21 09:04:35,385 - INFO: Epoch: 4/10 iter: 3712/5467 loss: 5.188
2018-12-21 09:07:02,271 - INFO: Epoch: 4/10 iter: 3776/5467 loss: 5.236
2018-12-21 09:09:21,618 - INFO: Epoch: 4/10 iter: 3840/5467 loss: 5.186
2018-12-21 09:11:49,078 - INFO: Epoch: 4/10 iter: 3904/5467 loss: 5.495
2018-12-21 09:14:13,459 - INFO: Epoch: 4/10 iter: 3968/5467 loss: 5.035
2018-12-21 09:16:37,861 - INFO: Epoch: 4/10 iter: 4032/5467 loss: 5.286
2018-12-21 09:18:56,126 - INFO: Epoch: 4/10 iter: 4096/5467 loss: 5.381
2018-12-21 09:21:14,923 - INFO: Epoch: 4/10 iter: 4160/5467 loss: 5.177
2018-12-21 09:23:42,302 - INFO: Epoch: 4/10 iter: 4224/5467 loss: 5.317
2018-12-21 09:26:09,348 - INFO: Epoch: 4/10 iter: 4288/5467 loss: 5.214
2018-12-21 09:28:31,172 - INFO: Epoch: 4/10 iter: 4352/5467 loss: 5.138
2018-12-21 09:30:50,326 - INFO: Epoch: 4/10 iter: 4416/5467 loss: 5.267
2018-12-21 09:33:13,383 - INFO: Epoch: 4/10 iter: 4480/5467 loss: 5.37
2018-12-21 09:35:37,727 - INFO: Epoch: 4/10 iter: 4544/5467 loss: 5.314
2018-12-21 09:37:55,134 - INFO: Epoch: 4/10 iter: 4608/5467 loss: 5.4
2018-12-21 09:40:15,605 - INFO: Epoch: 4/10 iter: 4672/5467 loss: 5.196
2018-12-21 09:42:35,599 - INFO: Epoch: 4/10 iter: 4736/5467 loss: 4.94
2018-12-21 09:44:55,170 - INFO: Epoch: 4/10 iter: 4800/5467 loss: 5.414
2018-12-21 09:47:35,766 - INFO: Epoch: 4/10 iter: 4864/5467 loss: 5.292
2018-12-21 09:50:00,937 - INFO: Epoch: 4/10 iter: 4928/5467 loss: 5.445
2018-12-21 09:52:26,666 - INFO: Epoch: 4/10 iter: 4992/5467 loss: 5.336
2018-12-21 09:54:51,787 - INFO: Epoch: 4/10 iter: 5056/5467 loss: 5.185
2018-12-21 09:57:13,296 - INFO: Epoch: 4/10 iter: 5120/5467 loss: 5.202
2018-12-21 09:59:35,163 - INFO: Epoch: 4/10 iter: 5184/5467 loss: 5.459
2018-12-21 10:01:55,303 - INFO: Epoch: 4/10 iter: 5248/5467 loss: 5.216
2018-12-21 10:04:16,508 - INFO: Epoch: 4/10 iter: 5312/5467 loss: 5.218
2018-12-21 10:06:40,797 - INFO: Epoch: 4/10 iter: 5376/5467 loss: 5.364
2018-12-21 10:09:08,212 - INFO: Epoch: 4/10 iter: 5440/5467 loss: 5.125
2018-12-21 10:12:32,933 - INFO: Epoch: 5/10 iter: 64/5467 loss: 4.955
2018-12-21 10:14:59,951 - INFO: Epoch: 5/10 iter: 128/5467 loss: 5.124
2018-12-21 10:17:23,726 - INFO: Epoch: 5/10 iter: 192/5467 loss: 4.932
2018-12-21 10:19:51,173 - INFO: Epoch: 5/10 iter: 256/5467 loss: 5.077
2018-12-21 10:22:18,107 - INFO: Epoch: 5/10 iter: 320/5467 loss: 4.916
2018-12-21 10:24:44,174 - INFO: Epoch: 5/10 iter: 384/5467 loss: 5.055
2018-12-21 10:27:05,535 - INFO: Epoch: 5/10 iter: 448/5467 loss: 5.166
2018-12-21 10:29:27,027 - INFO: Epoch: 5/10 iter: 512/5467 loss: 5.126
2018-12-21 10:31:50,466 - INFO: Epoch: 5/10 iter: 576/5467 loss: 5.054
2018-12-21 10:34:09,403 - INFO: Epoch: 5/10 iter: 640/5467 loss: 5.058
2018-12-21 10:37:16,385 - INFO: Epoch: 5/10 iter: 704/5467 loss: 5.152
2018-12-21 10:39:42,951 - INFO: Epoch: 5/10 iter: 768/5467 loss: 5.075
2018-12-21 10:42:06,448 - INFO: Epoch: 5/10 iter: 832/5467 loss: 5.067
2018-12-21 10:44:28,969 - INFO: Epoch: 5/10 iter: 896/5467 loss: 5.205
2018-12-21 10:47:01,348 - INFO: Epoch: 5/10 iter: 960/5467 loss: 5.209
2018-12-21 10:49:21,120 - INFO: Epoch: 5/10 iter: 1024/5467 loss: 5.31
2018-12-21 10:51:44,651 - INFO: Epoch: 5/10 iter: 1088/5467 loss: 4.979
2018-12-21 10:54:10,893 - INFO: Epoch: 5/10 iter: 1152/5467 loss: 5.062
2018-12-21 10:56:41,580 - INFO: Epoch: 5/10 iter: 1216/5467 loss: 5.106
2018-12-21 10:59:13,980 - INFO: Epoch: 5/10 iter: 1280/5467 loss: 5.152
2018-12-21 11:01:33,816 - INFO: Epoch: 5/10 iter: 1344/5467 loss: 5.133
2018-12-21 11:03:58,431 - INFO: Epoch: 5/10 iter: 1408/5467 loss: 5.395
2018-12-21 11:06:31,860 - INFO: Epoch: 5/10 iter: 1472/5467 loss: 4.994
2018-12-21 11:08:57,369 - INFO: Epoch: 5/10 iter: 1536/5467 loss: 5.012
2018-12-21 11:11:21,387 - INFO: Epoch: 5/10 iter: 1600/5467 loss: 5.031
2018-12-21 11:13:44,086 - INFO: Epoch: 5/10 iter: 1664/5467 loss: 5.139
2018-12-21 11:16:10,760 - INFO: Epoch: 5/10 iter: 1728/5467 loss: 5.025
2018-12-21 11:18:33,167 - INFO: Epoch: 5/10 iter: 1792/5467 loss: 4.923
2018-12-21 11:20:57,514 - INFO: Epoch: 5/10 iter: 1856/5467 loss: 4.83
2018-12-21 11:23:22,470 - INFO: Epoch: 5/10 iter: 1920/5467 loss: 4.866
2018-12-21 11:25:48,007 - INFO: Epoch: 5/10 iter: 1984/5467 loss: 5.114
2018-12-21 11:28:12,262 - INFO: Epoch: 5/10 iter: 2048/5467 loss: 5.136
2018-12-21 11:30:31,907 - INFO: Epoch: 5/10 iter: 2112/5467 loss: 4.881
2018-12-21 11:32:55,873 - INFO: Epoch: 5/10 iter: 2176/5467 loss: 4.985
2018-12-21 11:35:21,341 - INFO: Epoch: 5/10 iter: 2240/5467 loss: 5.057
2018-12-21 11:37:45,199 - INFO: Epoch: 5/10 iter: 2304/5467 loss: 5.066
2018-12-21 11:40:08,358 - INFO: Epoch: 5/10 iter: 2368/5467 loss: 5.18
2018-12-21 11:42:30,737 - INFO: Epoch: 5/10 iter: 2432/5467 loss: 5.058
2018-12-21 11:44:53,748 - INFO: Epoch: 5/10 iter: 2496/5467 loss: 4.954
2018-12-21 11:47:25,769 - INFO: Epoch: 5/10 iter: 2560/5467 loss: 5.268
2018-12-21 11:49:49,201 - INFO: Epoch: 5/10 iter: 2624/5467 loss: 5.123
2018-12-21 11:52:15,334 - INFO: Epoch: 5/10 iter: 2688/5467 loss: 5.033
2018-12-21 11:54:40,241 - INFO: Epoch: 5/10 iter: 2752/5467 loss: 5.235
2018-12-21 11:57:09,166 - INFO: Epoch: 5/10 iter: 2816/5467 loss: 5.148
2018-12-21 11:59:29,986 - INFO: Epoch: 5/10 iter: 2880/5467 loss: 4.944
2018-12-21 12:01:54,070 - INFO: Epoch: 5/10 iter: 2944/5467 loss: 4.75
2018-12-21 12:04:16,633 - INFO: Epoch: 5/10 iter: 3008/5467 loss: 4.571
2018-12-21 12:06:39,663 - INFO: Epoch: 5/10 iter: 3072/5467 loss: 5.11
2018-12-21 12:09:04,355 - INFO: Epoch: 5/10 iter: 3136/5467 loss: 5.197
2018-12-21 12:11:27,045 - INFO: Epoch: 5/10 iter: 3200/5467 loss: 5.072
2018-12-21 12:13:47,868 - INFO: Epoch: 5/10 iter: 3264/5467 loss: 4.934
2018-12-21 12:16:11,739 - INFO: Epoch: 5/10 iter: 3328/5467 loss: 5.228
2018-12-21 12:18:36,318 - INFO: Epoch: 5/10 iter: 3392/5467 loss: 5.277
2018-12-21 12:20:53,257 - INFO: Epoch: 5/10 iter: 3456/5467 loss: 5.297
2018-12-21 12:23:15,286 - INFO: Epoch: 5/10 iter: 3520/5467 loss: 4.993
2018-12-21 12:25:41,023 - INFO: Epoch: 5/10 iter: 3584/5467 loss: 5.215
2018-12-21 12:28:10,078 - INFO: Epoch: 5/10 iter: 3648/5467 loss: 5.144
2018-12-21 12:30:32,416 - INFO: Epoch: 5/10 iter: 3712/5467 loss: 4.94
2018-12-21 12:32:53,510 - INFO: Epoch: 5/10 iter: 3776/5467 loss: 5.215
2018-12-21 12:35:34,000 - INFO: Epoch: 5/10 iter: 3840/5467 loss: 5.326
2018-12-21 12:38:13,553 - INFO: Epoch: 5/10 iter: 3904/5467 loss: 4.957
2018-12-21 12:40:32,745 - INFO: Epoch: 5/10 iter: 3968/5467 loss: 4.918
2018-12-21 12:42:51,362 - INFO: Epoch: 5/10 iter: 4032/5467 loss: 4.782
2018-12-21 12:45:10,669 - INFO: Epoch: 5/10 iter: 4096/5467 loss: 4.956
2018-12-21 12:47:44,602 - INFO: Epoch: 5/10 iter: 4160/5467 loss: 5.274
2018-12-21 12:50:13,968 - INFO: Epoch: 5/10 iter: 4224/5467 loss: 5.084
2018-12-21 12:52:40,293 - INFO: Epoch: 5/10 iter: 4288/5467 loss: 5.268
2018-12-21 12:54:59,083 - INFO: Epoch: 5/10 iter: 4352/5467 loss: 5.493
2018-12-21 12:57:18,006 - INFO: Epoch: 5/10 iter: 4416/5467 loss: 5.344
2018-12-21 12:59:40,901 - INFO: Epoch: 5/10 iter: 4480/5467 loss: 5.148
2018-12-21 13:01:59,961 - INFO: Epoch: 5/10 iter: 4544/5467 loss: 5.281
2018-12-21 13:04:15,645 - INFO: Epoch: 5/10 iter: 4608/5467 loss: 4.997
2018-12-21 13:06:22,721 - INFO: Epoch: 5/10 iter: 4672/5467 loss: 5.126
2018-12-21 13:08:37,007 - INFO: Epoch: 5/10 iter: 4736/5467 loss: 5.186
2018-12-21 13:10:50,710 - INFO: Epoch: 5/10 iter: 4800/5467 loss: 5.257
2018-12-21 13:12:53,822 - INFO: Epoch: 5/10 iter: 4864/5467 loss: 5.156
2018-12-21 13:15:03,803 - INFO: Epoch: 5/10 iter: 4928/5467 loss: 5.091
2018-12-21 13:17:06,160 - INFO: Epoch: 5/10 iter: 4992/5467 loss: 5.007
2018-12-21 13:19:15,625 - INFO: Epoch: 5/10 iter: 5056/5467 loss: 5.089
2018-12-21 13:21:20,144 - INFO: Epoch: 5/10 iter: 5120/5467 loss: 5.041
2018-12-21 13:23:21,225 - INFO: Epoch: 5/10 iter: 5184/5467 loss: 5.186
2018-12-21 13:25:27,307 - INFO: Epoch: 5/10 iter: 5248/5467 loss: 5.024
2018-12-21 13:27:29,996 - INFO: Epoch: 5/10 iter: 5312/5467 loss: 4.892
2018-12-21 13:29:39,171 - INFO: Epoch: 5/10 iter: 5376/5467 loss: 5.2
2018-12-21 13:31:44,121 - INFO: Epoch: 5/10 iter: 5440/5467 loss: 5.089
2018-12-21 13:34:51,255 - INFO: Epoch: 6/10 iter: 64/5467 loss: 5.04
2018-12-21 13:37:02,876 - INFO: Epoch: 6/10 iter: 128/5467 loss: 4.865
2018-12-21 13:39:50,196 - INFO: Epoch: 6/10 iter: 192/5467 loss: 4.897
2018-12-21 13:41:58,243 - INFO: Epoch: 6/10 iter: 256/5467 loss: 4.965
2018-12-21 13:44:07,379 - INFO: Epoch: 6/10 iter: 320/5467 loss: 4.577
2018-12-21 13:46:12,292 - INFO: Epoch: 6/10 iter: 384/5467 loss: 4.721
2018-12-21 13:48:17,414 - INFO: Epoch: 6/10 iter: 448/5467 loss: 5.074
2018-12-21 13:50:25,209 - INFO: Epoch: 6/10 iter: 512/5467 loss: 4.795
2018-12-21 13:52:26,922 - INFO: Epoch: 6/10 iter: 576/5467 loss: 4.561
2018-12-21 13:54:28,465 - INFO: Epoch: 6/10 iter: 640/5467 loss: 5.035
2018-12-21 13:56:30,701 - INFO: Epoch: 6/10 iter: 704/5467 loss: 4.936
2018-12-21 13:58:34,212 - INFO: Epoch: 6/10 iter: 768/5467 loss: 4.947
2018-12-21 14:00:41,480 - INFO: Epoch: 6/10 iter: 832/5467 loss: 4.807
2018-12-21 14:02:46,133 - INFO: Epoch: 6/10 iter: 896/5467 loss: 4.9
2018-12-21 14:04:49,819 - INFO: Epoch: 6/10 iter: 960/5467 loss: 4.733
2018-12-21 14:06:55,184 - INFO: Epoch: 6/10 iter: 1024/5467 loss: 4.988
2018-12-21 14:08:56,286 - INFO: Epoch: 6/10 iter: 1088/5467 loss: 4.867
2018-12-21 14:11:15,334 - INFO: Epoch: 6/10 iter: 1152/5467 loss: 4.82
2018-12-21 14:13:22,756 - INFO: Epoch: 6/10 iter: 1216/5467 loss: 4.92
2018-12-21 14:15:28,249 - INFO: Epoch: 6/10 iter: 1280/5467 loss: 4.99
2018-12-21 14:17:33,379 - INFO: Epoch: 6/10 iter: 1344/5467 loss: 4.903
2018-12-21 14:19:37,748 - INFO: Epoch: 6/10 iter: 1408/5467 loss: 4.901
2018-12-21 14:21:47,230 - INFO: Epoch: 6/10 iter: 1472/5467 loss: 4.845
2018-12-21 14:23:54,265 - INFO: Epoch: 6/10 iter: 1536/5467 loss: 4.909
2018-12-21 14:26:06,733 - INFO: Epoch: 6/10 iter: 1600/5467 loss: 4.868
2018-12-21 14:28:13,011 - INFO: Epoch: 6/10 iter: 1664/5467 loss: 5.072
2018-12-21 14:30:31,159 - INFO: Epoch: 6/10 iter: 1728/5467 loss: 4.705
2018-12-21 14:32:38,871 - INFO: Epoch: 6/10 iter: 1792/5467 loss: 4.957
2018-12-21 14:34:54,307 - INFO: Epoch: 6/10 iter: 1856/5467 loss: 4.814
2018-12-21 14:37:30,941 - INFO: Epoch: 6/10 iter: 1920/5467 loss: 4.865
2018-12-21 14:39:35,694 - INFO: Epoch: 6/10 iter: 1984/5467 loss: 4.952
2018-12-21 14:41:45,518 - INFO: Epoch: 6/10 iter: 2048/5467 loss: 4.984
2018-12-21 14:43:49,560 - INFO: Epoch: 6/10 iter: 2112/5467 loss: 4.926
2018-12-21 14:45:56,088 - INFO: Epoch: 6/10 iter: 2176/5467 loss: 5.12
2018-12-21 14:47:58,647 - INFO: Epoch: 6/10 iter: 2240/5467 loss: 4.784
2018-12-21 14:50:05,294 - INFO: Epoch: 6/10 iter: 2304/5467 loss: 5.132
2018-12-21 14:52:14,059 - INFO: Epoch: 6/10 iter: 2368/5467 loss: 5.18
2018-12-21 14:54:17,314 - INFO: Epoch: 6/10 iter: 2432/5467 loss: 4.963
2018-12-21 14:56:24,104 - INFO: Epoch: 6/10 iter: 2496/5467 loss: 4.695
2018-12-21 14:58:30,044 - INFO: Epoch: 6/10 iter: 2560/5467 loss: 4.898
2018-12-21 15:00:41,652 - INFO: Epoch: 6/10 iter: 2624/5467 loss: 4.816
2018-12-21 15:02:46,682 - INFO: Epoch: 6/10 iter: 2688/5467 loss: 5.006
2018-12-21 15:04:53,396 - INFO: Epoch: 6/10 iter: 2752/5467 loss: 4.725
2018-12-21 15:06:57,261 - INFO: Epoch: 6/10 iter: 2816/5467 loss: 5.093
2018-12-21 15:09:01,197 - INFO: Epoch: 6/10 iter: 2880/5467 loss: 4.89
2018-12-21 15:11:12,299 - INFO: Epoch: 6/10 iter: 2944/5467 loss: 4.753
2018-12-21 15:13:15,555 - INFO: Epoch: 6/10 iter: 3008/5467 loss: 5.032
2018-12-21 15:15:30,065 - INFO: Epoch: 6/10 iter: 3072/5467 loss: 5.03
2018-12-21 15:17:40,071 - INFO: Epoch: 6/10 iter: 3136/5467 loss: 4.959
2018-12-21 15:19:53,402 - INFO: Epoch: 6/10 iter: 3200/5467 loss: 4.88
2018-12-21 15:22:02,553 - INFO: Epoch: 6/10 iter: 3264/5467 loss: 4.906
2018-12-21 15:24:09,503 - INFO: Epoch: 6/10 iter: 3328/5467 loss: 4.807
2018-12-21 15:26:11,749 - INFO: Epoch: 6/10 iter: 3392/5467 loss: 4.943
2018-12-21 15:28:17,758 - INFO: Epoch: 6/10 iter: 3456/5467 loss: 4.93
2018-12-21 15:30:20,041 - INFO: Epoch: 6/10 iter: 3520/5467 loss: 4.943
2018-12-21 15:32:24,619 - INFO: Epoch: 6/10 iter: 3584/5467 loss: 4.899
2018-12-21 15:34:30,198 - INFO: Epoch: 6/10 iter: 3648/5467 loss: 4.99
2018-12-21 15:36:33,944 - INFO: Epoch: 6/10 iter: 3712/5467 loss: 5.126
2018-12-21 15:39:09,614 - INFO: Epoch: 6/10 iter: 3776/5467 loss: 5.213
2018-12-21 15:41:23,680 - INFO: Epoch: 6/10 iter: 3840/5467 loss: 5.001
2018-12-21 15:43:28,251 - INFO: Epoch: 6/10 iter: 3904/5467 loss: 4.968
2018-12-21 15:45:33,104 - INFO: Epoch: 6/10 iter: 3968/5467 loss: 4.969
2018-12-21 15:47:38,639 - INFO: Epoch: 6/10 iter: 4032/5467 loss: 4.928
2018-12-21 15:49:42,356 - INFO: Epoch: 6/10 iter: 4096/5467 loss: 4.956
2018-12-21 15:51:55,761 - INFO: Epoch: 6/10 iter: 4160/5467 loss: 5.075
2018-12-21 15:53:57,959 - INFO: Epoch: 6/10 iter: 4224/5467 loss: 4.878
2018-12-21 15:56:03,851 - INFO: Epoch: 6/10 iter: 4288/5467 loss: 4.952
2018-12-21 15:58:04,544 - INFO: Epoch: 6/10 iter: 4352/5467 loss: 4.885
2018-12-21 16:00:16,135 - INFO: Epoch: 6/10 iter: 4416/5467 loss: 4.857
2018-12-21 16:02:27,042 - INFO: Epoch: 6/10 iter: 4480/5467 loss: 5.013
2018-12-21 16:04:34,456 - INFO: Epoch: 6/10 iter: 4544/5467 loss: 4.751
2018-12-21 16:06:39,078 - INFO: Epoch: 6/10 iter: 4608/5467 loss: 5.043
2018-12-21 16:08:50,982 - INFO: Epoch: 6/10 iter: 4672/5467 loss: 5.087
2018-12-21 16:10:59,508 - INFO: Epoch: 6/10 iter: 4736/5467 loss: 5.178
2018-12-21 16:13:11,827 - INFO: Epoch: 6/10 iter: 4800/5467 loss: 5.075
2018-12-21 16:15:17,150 - INFO: Epoch: 6/10 iter: 4864/5467 loss: 4.768
2018-12-21 16:17:27,405 - INFO: Epoch: 6/10 iter: 4928/5467 loss: 4.88
2018-12-21 16:19:33,176 - INFO: Epoch: 6/10 iter: 4992/5467 loss: 4.93
2018-12-21 16:21:41,934 - INFO: Epoch: 6/10 iter: 5056/5467 loss: 4.997
2018-12-21 16:23:50,937 - INFO: Epoch: 6/10 iter: 5120/5467 loss: 4.87
2018-12-21 16:25:57,671 - INFO: Epoch: 6/10 iter: 5184/5467 loss: 5.065
2018-12-21 16:28:02,801 - INFO: Epoch: 6/10 iter: 5248/5467 loss: 4.912
2018-12-21 16:30:12,069 - INFO: Epoch: 6/10 iter: 5312/5467 loss: 5.045
2018-12-21 16:32:17,510 - INFO: Epoch: 6/10 iter: 5376/5467 loss: 5.218
2018-12-21 16:34:27,469 - INFO: Epoch: 6/10 iter: 5440/5467 loss: 4.959
2018-12-21 16:38:06,607 - INFO: Epoch: 7/10 iter: 64/5467 loss: 4.844
2018-12-21 16:40:11,198 - INFO: Epoch: 7/10 iter: 128/5467 loss: 4.541
2018-12-21 16:42:22,309 - INFO: Epoch: 7/10 iter: 192/5467 loss: 4.859
2018-12-21 16:44:32,176 - INFO: Epoch: 7/10 iter: 256/5467 loss: 4.813
2018-12-21 16:46:42,990 - INFO: Epoch: 7/10 iter: 320/5467 loss: 4.596
2018-12-21 16:48:48,199 - INFO: Epoch: 7/10 iter: 384/5467 loss: 4.578
2018-12-21 16:50:56,397 - INFO: Epoch: 7/10 iter: 448/5467 loss: 4.817
2018-12-21 16:53:02,024 - INFO: Epoch: 7/10 iter: 512/5467 loss: 4.673
2018-12-21 16:55:09,788 - INFO: Epoch: 7/10 iter: 576/5467 loss: 4.739
2018-12-21 16:57:15,165 - INFO: Epoch: 7/10 iter: 640/5467 loss: 4.693
2018-12-21 16:59:23,166 - INFO: Epoch: 7/10 iter: 704/5467 loss: 4.684
2018-12-21 17:01:30,424 - INFO: Epoch: 7/10 iter: 768/5467 loss: 4.77
2018-12-21 17:03:44,182 - INFO: Epoch: 7/10 iter: 832/5467 loss: 4.885
2018-12-21 17:05:49,357 - INFO: Epoch: 7/10 iter: 896/5467 loss: 4.921
2018-12-21 17:07:55,989 - INFO: Epoch: 7/10 iter: 960/5467 loss: 4.754
2018-12-21 17:10:02,689 - INFO: Epoch: 7/10 iter: 1024/5467 loss: 4.721
2018-12-21 17:12:05,293 - INFO: Epoch: 7/10 iter: 1088/5467 loss: 4.774
2018-12-21 17:14:19,297 - INFO: Epoch: 7/10 iter: 1152/5467 loss: 4.771
2018-12-21 17:16:24,023 - INFO: Epoch: 7/10 iter: 1216/5467 loss: 4.838
2018-12-21 17:18:32,011 - INFO: Epoch: 7/10 iter: 1280/5467 loss: 4.969
2018-12-21 17:20:55,552 - INFO: Epoch: 7/10 iter: 1344/5467 loss: 4.898
2018-12-21 17:23:27,645 - INFO: Epoch: 7/10 iter: 1408/5467 loss: 4.747
2018-12-21 17:26:01,318 - INFO: Epoch: 7/10 iter: 1472/5467 loss: 4.801
2018-12-21 17:28:31,570 - INFO: Epoch: 7/10 iter: 1536/5467 loss: 4.596
2018-12-21 17:30:56,898 - INFO: Epoch: 7/10 iter: 1600/5467 loss: 4.75
2018-12-21 17:33:19,743 - INFO: Epoch: 7/10 iter: 1664/5467 loss: 4.845
2018-12-21 17:35:49,465 - INFO: Epoch: 7/10 iter: 1728/5467 loss: 4.834
2018-12-21 17:38:09,072 - INFO: Epoch: 7/10 iter: 1792/5467 loss: 4.812
2018-12-21 17:40:56,961 - INFO: Epoch: 7/10 iter: 1856/5467 loss: 4.639
2018-12-21 17:43:13,416 - INFO: Epoch: 7/10 iter: 1920/5467 loss: 4.682
2018-12-21 17:45:39,542 - INFO: Epoch: 7/10 iter: 1984/5467 loss: 4.755
2018-12-21 17:48:00,215 - INFO: Epoch: 7/10 iter: 2048/5467 loss: 4.828
2018-12-21 17:50:26,985 - INFO: Epoch: 7/10 iter: 2112/5467 loss: 4.861
2018-12-21 17:52:45,467 - INFO: Epoch: 7/10 iter: 2176/5467 loss: 4.777
2018-12-21 17:55:08,420 - INFO: Epoch: 7/10 iter: 2240/5467 loss: 4.871
2018-12-21 17:57:23,233 - INFO: Epoch: 7/10 iter: 2304/5467 loss: 4.86
2018-12-21 17:59:46,580 - INFO: Epoch: 7/10 iter: 2368/5467 loss: 4.652
2018-12-21 18:02:10,121 - INFO: Epoch: 7/10 iter: 2432/5467 loss: 4.826
2018-12-21 18:04:41,966 - INFO: Epoch: 7/10 iter: 2496/5467 loss: 4.795
2018-12-21 18:07:12,627 - INFO: Epoch: 7/10 iter: 2560/5467 loss: 4.737
2018-12-21 18:09:35,623 - INFO: Epoch: 7/10 iter: 2624/5467 loss: 4.942
2018-12-21 18:11:45,396 - INFO: Epoch: 7/10 iter: 2688/5467 loss: 4.915
2018-12-21 18:13:48,539 - INFO: Epoch: 7/10 iter: 2752/5467 loss: 4.717
2018-12-21 18:15:55,277 - INFO: Epoch: 7/10 iter: 2816/5467 loss: 4.762
2018-12-21 18:17:58,182 - INFO: Epoch: 7/10 iter: 2880/5467 loss: 4.793
2018-12-21 18:20:02,037 - INFO: Epoch: 7/10 iter: 2944/5467 loss: 4.681
2018-12-21 18:22:11,500 - INFO: Epoch: 7/10 iter: 3008/5467 loss: 5.081
2018-12-21 18:24:23,273 - INFO: Epoch: 7/10 iter: 3072/5467 loss: 4.907
2018-12-21 18:26:41,436 - INFO: Epoch: 7/10 iter: 3136/5467 loss: 4.714
2018-12-21 18:28:45,521 - INFO: Epoch: 7/10 iter: 3200/5467 loss: 4.938
2018-12-21 18:30:49,935 - INFO: Epoch: 7/10 iter: 3264/5467 loss: 4.653
2018-12-21 18:32:56,661 - INFO: Epoch: 7/10 iter: 3328/5467 loss: 4.805
2018-12-21 18:35:25,381 - INFO: Epoch: 7/10 iter: 3392/5467 loss: 4.917
2018-12-21 18:37:54,769 - INFO: Epoch: 7/10 iter: 3456/5467 loss: 4.759
2018-12-21 18:40:04,324 - INFO: Epoch: 7/10 iter: 3520/5467 loss: 4.927
2018-12-21 18:42:14,802 - INFO: Epoch: 7/10 iter: 3584/5467 loss: 5.067
2018-12-21 18:44:19,440 - INFO: Epoch: 7/10 iter: 3648/5467 loss: 5.247
2018-12-21 18:46:29,949 - INFO: Epoch: 7/10 iter: 3712/5467 loss: 5.054
2018-12-21 18:48:44,192 - INFO: Epoch: 7/10 iter: 3776/5467 loss: 5.01
2018-12-21 18:51:06,446 - INFO: Epoch: 7/10 iter: 3840/5467 loss: 4.759
2018-12-21 19:27:18,311 - INFO: Epoch: 7/10 iter: 3904/5467 loss: 4.888
2018-12-21 19:29:24,619 - INFO: Epoch: 7/10 iter: 3968/5467 loss: 4.821
2018-12-21 19:31:25,737 - INFO: Epoch: 7/10 iter: 4032/5467 loss: 4.803
2018-12-21 19:33:27,115 - INFO: Epoch: 7/10 iter: 4096/5467 loss: 5.054
2018-12-21 19:35:30,544 - INFO: Epoch: 7/10 iter: 4160/5467 loss: 4.831
2018-12-21 19:37:32,709 - INFO: Epoch: 7/10 iter: 4224/5467 loss: 4.887
2018-12-21 19:39:39,058 - INFO: Epoch: 7/10 iter: 4288/5467 loss: 5.2
2018-12-21 19:41:52,263 - INFO: Epoch: 7/10 iter: 4352/5467 loss: 4.898
2018-12-21 19:44:04,737 - INFO: Epoch: 7/10 iter: 4416/5467 loss: 4.729
2018-12-21 19:46:15,649 - INFO: Epoch: 7/10 iter: 4480/5467 loss: 4.766
2018-12-21 19:48:25,165 - INFO: Epoch: 7/10 iter: 4544/5467 loss: 4.694
2018-12-21 19:50:33,814 - INFO: Epoch: 7/10 iter: 4608/5467 loss: 5.031
2018-12-21 19:52:43,311 - INFO: Epoch: 7/10 iter: 4672/5467 loss: 5.107
2018-12-21 19:54:50,217 - INFO: Epoch: 7/10 iter: 4736/5467 loss: 4.839
2018-12-21 19:57:08,696 - INFO: Epoch: 7/10 iter: 4800/5467 loss: 4.796
2018-12-21 19:59:35,178 - INFO: Epoch: 7/10 iter: 4864/5467 loss: 4.899
2018-12-21 20:02:17,088 - INFO: Epoch: 7/10 iter: 4928/5467 loss: 4.905
2018-12-21 20:04:42,030 - INFO: Epoch: 7/10 iter: 4992/5467 loss: 4.989
2018-12-21 20:07:02,887 - INFO: Epoch: 7/10 iter: 5056/5467 loss: 5.105
2018-12-21 20:09:12,050 - INFO: Epoch: 7/10 iter: 5120/5467 loss: 4.876
2018-12-21 20:11:31,936 - INFO: Epoch: 7/10 iter: 5184/5467 loss: 5.028
2018-12-21 20:14:02,881 - INFO: Epoch: 7/10 iter: 5248/5467 loss: 4.808
2018-12-21 20:16:14,962 - INFO: Epoch: 7/10 iter: 5312/5467 loss: 4.668
2018-12-21 20:18:20,353 - INFO: Epoch: 7/10 iter: 5376/5467 loss: 4.903
2018-12-21 20:20:29,280 - INFO: Epoch: 7/10 iter: 5440/5467 loss: 4.764
 2018-12-21 20:23:29,081 - INFO: Epoch: 8/10 iter: 64/5467 loss: 4.66
2018-12-21 20:25:34,028 - INFO: Epoch: 8/10 iter: 128/5467 loss: 4.697
2018-12-21 20:27:42,893 - INFO: Epoch: 8/10 iter: 192/5467 loss: 4.392
2018-12-21 20:29:51,453 - INFO: Epoch: 8/10 iter: 256/5467 loss: 4.518
2018-12-21 20:32:02,553 - INFO: Epoch: 8/10 iter: 320/5467 loss: 4.88
2018-12-21 20:34:30,107 - INFO: Epoch: 8/10 iter: 384/5467 loss: 4.567
2018-12-21 20:37:42,387 - INFO: Epoch: 8/10 iter: 448/5467 loss: 4.563
2018-12-21 20:40:09,825 - INFO: Epoch: 8/10 iter: 512/5467 loss: 4.581
2018-12-21 20:42:34,670 - INFO: Epoch: 8/10 iter: 576/5467 loss: 4.501
2018-12-21 20:45:00,602 - INFO: Epoch: 8/10 iter: 640/5467 loss: 4.728
2018-12-21 20:47:25,907 - INFO: Epoch: 8/10 iter: 704/5467 loss: 4.651
2018-12-21 20:49:53,792 - INFO: Epoch: 8/10 iter: 768/5467 loss: 4.587
2018-12-21 20:52:23,404 - INFO: Epoch: 8/10 iter: 832/5467 loss: 4.815
2018-12-21 20:54:46,867 - INFO: Epoch: 8/10 iter: 896/5467 loss: 4.877
2018-12-21 20:57:18,240 - INFO: Epoch: 8/10 iter: 960/5467 loss: 4.608
2018-12-21 20:59:38,798 - INFO: Epoch: 8/10 iter: 1024/5467 loss: 4.785
2018-12-21 21:02:07,936 - INFO: Epoch: 8/10 iter: 1088/5467 loss: 4.679
2018-12-21 21:04:29,429 - INFO: Epoch: 8/10 iter: 1152/5467 loss: 4.508
2018-12-21 21:06:54,024 - INFO: Epoch: 8/10 iter: 1216/5467 loss: 4.564
2018-12-21 21:09:17,336 - INFO: Epoch: 8/10 iter: 1280/5467 loss: 4.487
2018-12-21 21:11:40,853 - INFO: Epoch: 8/10 iter: 1344/5467 loss: 4.361
2018-12-21 21:14:06,879 - INFO: Epoch: 8/10 iter: 1408/5467 loss: 4.751
2018-12-21 21:16:25,350 - INFO: Epoch: 8/10 iter: 1472/5467 loss: 4.532
2018-12-21 21:18:52,964 - INFO: Epoch: 8/10 iter: 1536/5467 loss: 4.752
2018-12-21 21:21:15,593 - INFO: Epoch: 8/10 iter: 1600/5467 loss: 4.769
2018-12-21 21:23:42,242 - INFO: Epoch: 8/10 iter: 1664/5467 loss: 4.794
2018-12-21 21:26:11,076 - INFO: Epoch: 8/10 iter: 1728/5467 loss: 4.949
2018-12-21 21:28:38,686 - INFO: Epoch: 8/10 iter: 1792/5467 loss: 4.599
2018-12-21 21:30:59,805 - INFO: Epoch: 8/10 iter: 1856/5467 loss: 4.416
2018-12-21 21:33:25,098 - INFO: Epoch: 8/10 iter: 1920/5467 loss: 4.664
2018-12-21 21:35:50,310 - INFO: Epoch: 8/10 iter: 1984/5467 loss: 4.651
2018-12-21 21:38:20,031 - INFO: Epoch: 8/10 iter: 2048/5467 loss: 4.903
2018-12-21 21:40:36,933 - INFO: Epoch: 8/10 iter: 2112/5467 loss: 4.733
2018-12-21 21:43:02,114 - INFO: Epoch: 8/10 iter: 2176/5467 loss: 4.705
2018-12-21 21:45:21,616 - INFO: Epoch: 8/10 iter: 2240/5467 loss: 4.65
2018-12-21 21:47:47,437 - INFO: Epoch: 8/10 iter: 2304/5467 loss: 4.558
2018-12-21 21:50:05,542 - INFO: Epoch: 8/10 iter: 2368/5467 loss: 4.528
2018-12-21 21:52:22,830 - INFO: Epoch: 8/10 iter: 2432/5467 loss: 4.801
2018-12-21 21:54:54,898 - INFO: Epoch: 8/10 iter: 2496/5467 loss: 4.737
2018-12-21 21:57:16,580 - INFO: Epoch: 8/10 iter: 2560/5467 loss: 4.792
2018-12-21 21:59:42,271 - INFO: Epoch: 8/10 iter: 2624/5467 loss: 4.85
2018-12-21 22:01:59,369 - INFO: Epoch: 8/10 iter: 2688/5467 loss: 4.769
2018-12-21 22:04:26,139 - INFO: Epoch: 8/10 iter: 2752/5467 loss: 4.768
2018-12-21 22:06:46,439 - INFO: Epoch: 8/10 iter: 2816/5467 loss: 4.952
2018-12-21 22:09:12,386 - INFO: Epoch: 8/10 iter: 2880/5467 loss: 4.972
2018-12-21 22:11:36,846 - INFO: Epoch: 8/10 iter: 2944/5467 loss: 4.928
2018-12-21 22:14:06,913 - INFO: Epoch: 8/10 iter: 3008/5467 loss: 4.705
2018-12-21 22:16:34,395 - INFO: Epoch: 8/10 iter: 3072/5467 loss: 4.7
2018-12-21 22:19:01,141 - INFO: Epoch: 8/10 iter: 3136/5467 loss: 4.788
2018-12-21 22:21:23,216 - INFO: Epoch: 8/10 iter: 3200/5467 loss: 4.764
2018-12-21 22:23:57,931 - INFO: Epoch: 8/10 iter: 3264/5467 loss: 4.883
2018-12-21 22:26:19,454 - INFO: Epoch: 8/10 iter: 3328/5467 loss: 4.789
2018-12-21 22:28:41,374 - INFO: Epoch: 8/10 iter: 3392/5467 loss: 5.009
2018-12-21 22:30:50,294 - INFO: Epoch: 8/10 iter: 3456/5467 loss: 4.963
2018-12-21 22:32:56,971 - INFO: Epoch: 8/10 iter: 3520/5467 loss: 4.824
2018-12-21 22:35:10,682 - INFO: Epoch: 8/10 iter: 3584/5467 loss: 4.754
2018-12-21 22:37:37,522 - INFO: Epoch: 8/10 iter: 3648/5467 loss: 4.641
2018-12-21 22:39:47,758 - INFO: Epoch: 8/10 iter: 3712/5467 loss: 4.674
2018-12-21 22:41:50,919 - INFO: Epoch: 8/10 iter: 3776/5467 loss: 4.687
2018-12-21 22:43:57,453 - INFO: Epoch: 8/10 iter: 3840/5467 loss: 4.903
2018-12-21 22:46:06,427 - INFO: Epoch: 8/10 iter: 3904/5467 loss: 4.651
2018-12-21 22:48:22,057 - INFO: Epoch: 8/10 iter: 3968/5467 loss: 4.793
2018-12-21 22:50:45,684 - INFO: Epoch: 8/10 iter: 4032/5467 loss: 5.027
2018-12-21 22:53:15,224 - INFO: Epoch: 8/10 iter: 4096/5467 loss: 5.043
2018-12-21 22:55:42,356 - INFO: Epoch: 8/10 iter: 4160/5467 loss: 4.864
2018-12-21 22:58:01,740 - INFO: Epoch: 8/10 iter: 4224/5467 loss: 4.825
2018-12-21 23:00:27,589 - INFO: Epoch: 8/10 iter: 4288/5467 loss: 5.11
2018-12-21 23:02:51,750 - INFO: Epoch: 8/10 iter: 4352/5467 loss: 5.218
2018-12-21 23:05:23,282 - INFO: Epoch: 8/10 iter: 4416/5467 loss: 4.972
2018-12-21 23:07:41,987 - INFO: Epoch: 8/10 iter: 4480/5467 loss: 4.883
2018-12-21 23:10:07,026 - INFO: Epoch: 8/10 iter: 4544/5467 loss: 4.735
2018-12-21 23:12:28,051 - INFO: Epoch: 8/10 iter: 4608/5467 loss: 4.856
2018-12-21 23:14:58,038 - INFO: Epoch: 8/10 iter: 4672/5467 loss: 4.845
2018-12-21 23:17:20,743 - INFO: Epoch: 8/10 iter: 4736/5467 loss: 4.811
2018-12-21 23:19:41,016 - INFO: Epoch: 8/10 iter: 4800/5467 loss: 4.927
2018-12-21 23:22:03,253 - INFO: Epoch: 8/10 iter: 4864/5467 loss: 4.803
2018-12-21 23:24:23,055 - INFO: Epoch: 8/10 iter: 4928/5467 loss: 4.865
2018-12-21 23:26:46,170 - INFO: Epoch: 8/10 iter: 4992/5467 loss: 4.88
2018-12-21 23:28:53,337 - INFO: Epoch: 8/10 iter: 5056/5467 loss: 4.943
2018-12-21 23:30:58,199 - INFO: Epoch: 8/10 iter: 5120/5467 loss: 4.83
2018-12-21 23:33:05,079 - INFO: Epoch: 8/10 iter: 5184/5467 loss: 4.778
2018-12-21 23:35:13,541 - INFO: Epoch: 8/10 iter: 5248/5467 loss: 5.035
2018-12-21 23:37:22,151 - INFO: Epoch: 8/10 iter: 5312/5467 loss: 4.783
2018-12-21 23:39:40,287 - INFO: Epoch: 8/10 iter: 5376/5467 loss: 4.827
2018-12-21 23:42:10,900 - INFO: Epoch: 8/10 iter: 5440/5467 loss: 4.803
2018-12-21 23:46:06,739 - INFO: Epoch: 9/10 iter: 64/5467 loss: 4.468
2018-12-21 23:48:35,317 - INFO: Epoch: 9/10 iter: 128/5467 loss: 4.51
2018-12-21 23:51:08,452 - INFO: Epoch: 9/10 iter: 192/5467 loss: 4.577
2018-12-21 23:53:32,420 - INFO: Epoch: 9/10 iter: 256/5467 loss: 4.628
2018-12-21 23:56:11,651 - INFO: Epoch: 9/10 iter: 320/5467 loss: 4.7
2018-12-21 23:58:42,633 - INFO: Epoch: 9/10 iter: 384/5467 loss: 4.542
2018-12-22 00:01:12,948 - INFO: Epoch: 9/10 iter: 448/5467 loss: 4.442
2018-12-22 00:03:48,897 - INFO: Epoch: 9/10 iter: 512/5467 loss: 4.521
2018-12-22 00:06:24,099 - INFO: Epoch: 9/10 iter: 576/5467 loss: 4.796
2018-12-22 00:08:56,388 - INFO: Epoch: 9/10 iter: 640/5467 loss: 4.443
2018-12-22 00:11:29,112 - INFO: Epoch: 9/10 iter: 704/5467 loss: 4.579
2018-12-22 00:13:53,318 - INFO: Epoch: 9/10 iter: 768/5467 loss: 4.597
2018-12-22 00:16:25,621 - INFO: Epoch: 9/10 iter: 832/5467 loss: 4.875
2018-12-22 00:18:44,561 - INFO: Epoch: 9/10 iter: 896/5467 loss: 5.796
2018-12-22 00:20:59,883 - INFO: Epoch: 9/10 iter: 960/5467 loss: 6.085
2018-12-22 00:23:08,313 - INFO: Epoch: 9/10 iter: 1024/5467 loss: 5.562
2018-12-22 00:25:31,591 - INFO: Epoch: 9/10 iter: 1088/5467 loss: 5.673
2018-12-22 00:27:57,359 - INFO: Epoch: 9/10 iter: 1152/5467 loss: 5.779
2018-12-22 00:30:13,248 - INFO: Epoch: 9/10 iter: 1216/5467 loss: 5.505
2018-12-22 00:32:31,877 - INFO: Epoch: 9/10 iter: 1280/5467 loss: 5.548
2018-12-22 00:34:52,704 - INFO: Epoch: 9/10 iter: 1344/5467 loss: 5.516
2018-12-22 00:37:49,620 - INFO: Epoch: 9/10 iter: 1408/5467 loss: 5.315
2018-12-22 00:40:09,092 - INFO: Epoch: 9/10 iter: 1472/5467 loss: 5.314
2018-12-22 00:42:28,273 - INFO: Epoch: 9/10 iter: 1536/5467 loss: 5.456
2018-12-22 00:44:51,614 - INFO: Epoch: 9/10 iter: 1600/5467 loss: 5.558
2018-12-22 00:47:14,276 - INFO: Epoch: 9/10 iter: 1664/5467 loss: 5.448
2018-12-22 00:49:35,977 - INFO: Epoch: 9/10 iter: 1728/5467 loss: 5.191
2018-12-22 00:51:59,486 - INFO: Epoch: 9/10 iter: 1792/5467 loss: 5.277
2018-12-22 00:54:19,262 - INFO: Epoch: 9/10 iter: 1856/5467 loss: 5.251
2018-12-22 00:56:44,623 - INFO: Epoch: 9/10 iter: 1920/5467 loss: 5.304
2018-12-22 00:59:07,732 - INFO: Epoch: 9/10 iter: 1984/5467 loss: 5.202
2018-12-22 01:01:28,962 - INFO: Epoch: 9/10 iter: 2048/5467 loss: 5.359
2018-12-22 01:03:44,397 - INFO: Epoch: 9/10 iter: 2112/5467 loss: 5.148
2018-12-22 01:06:06,258 - INFO: Epoch: 9/10 iter: 2176/5467 loss: 5.284
2018-12-22 01:08:27,454 - INFO: Epoch: 9/10 iter: 2240/5467 loss: 5.202
2018-12-22 01:10:52,336 - INFO: Epoch: 9/10 iter: 2304/5467 loss: 5.303
2018-12-22 01:13:13,450 - INFO: Epoch: 9/10 iter: 2368/5467 loss: 5.181
2018-12-22 01:15:38,847 - INFO: Epoch: 9/10 iter: 2432/5467 loss: 5.556
2018-12-22 01:18:05,107 - INFO: Epoch: 9/10 iter: 2496/5467 loss: 5.214
2018-12-22 01:20:27,616 - INFO: Epoch: 9/10 iter: 2560/5467 loss: 5.537
2018-12-22 01:22:46,796 - INFO: Epoch: 9/10 iter: 2624/5467 loss: 5.399
2018-12-22 01:25:08,906 - INFO: Epoch: 9/10 iter: 2688/5467 loss: 5.166
2018-12-22 01:27:30,967 - INFO: Epoch: 9/10 iter: 2752/5467 loss: 5.468
2018-12-22 01:29:54,951 - INFO: Epoch: 9/10 iter: 2816/5467 loss: 5.348
2018-12-22 01:32:20,664 - INFO: Epoch: 9/10 iter: 2880/5467 loss: 5.445
2018-12-22 01:34:39,781 - INFO: Epoch: 9/10 iter: 2944/5467 loss: 5.361
2018-12-22 01:37:03,298 - INFO: Epoch: 9/10 iter: 3008/5467 loss: 5.167
2018-12-22 01:39:20,539 - INFO: Epoch: 9/10 iter: 3072/5467 loss: 5.102
2018-12-22 01:41:40,231 - INFO: Epoch: 9/10 iter: 3136/5467 loss: 5.364
2018-12-22 01:44:02,223 - INFO: Epoch: 9/10 iter: 3200/5467 loss: 5.353
2018-12-22 01:46:24,019 - INFO: Epoch: 9/10 iter: 3264/5467 loss: 5.541
2018-12-22 01:48:48,964 - INFO: Epoch: 9/10 iter: 3328/5467 loss: 5.161
2018-12-22 01:51:08,012 - INFO: Epoch: 9/10 iter: 3392/5467 loss: 5.28
2018-12-22 01:53:31,386 - INFO: Epoch: 9/10 iter: 3456/5467 loss: 5.351
2018-12-22 01:55:49,739 - INFO: Epoch: 9/10 iter: 3520/5467 loss: 5.039
2018-12-22 01:58:12,309 - INFO: Epoch: 9/10 iter: 3584/5467 loss: 5.327
2018-12-22 02:00:37,989 - INFO: Epoch: 9/10 iter: 3648/5467 loss: 5.158
2018-12-22 02:03:00,434 - INFO: Epoch: 9/10 iter: 3712/5467 loss: 5.207
2018-12-22 02:05:27,146 - INFO: Epoch: 9/10 iter: 3776/5467 loss: 5.382
2018-12-22 02:07:56,515 - INFO: Epoch: 9/10 iter: 3840/5467 loss: 5.277
2018-12-22 02:10:22,239 - INFO: Epoch: 9/10 iter: 3904/5467 loss: 5.372
2018-12-22 02:13:15,321 - INFO: Epoch: 9/10 iter: 3968/5467 loss: 5.331
2018-12-22 02:15:50,580 - INFO: Epoch: 9/10 iter: 4032/5467 loss: 5.178
2018-12-22 02:18:08,090 - INFO: Epoch: 9/10 iter: 4096/5467 loss: 5.266
2018-12-22 02:20:34,404 - INFO: Epoch: 9/10 iter: 4160/5467 loss: 5.277
2018-12-22 02:22:53,883 - INFO: Epoch: 9/10 iter: 4224/5467 loss: 5.17
2018-12-22 02:25:21,084 - INFO: Epoch: 9/10 iter: 4288/5467 loss: 5.338
2018-12-22 02:27:41,479 - INFO: Epoch: 9/10 iter: 4352/5467 loss: 5.27
2018-12-22 02:30:06,312 - INFO: Epoch: 9/10 iter: 4416/5467 loss: 5.369
2018-12-22 02:32:24,746 - INFO: Epoch: 9/10 iter: 4480/5467 loss: 5.278
2018-12-22 02:34:57,446 - INFO: Epoch: 9/10 iter: 4544/5467 loss: 5.177
2018-12-22 02:37:48,837 - INFO: Epoch: 9/10 iter: 4608/5467 loss: 4.933
2018-12-22 02:40:13,467 - INFO: Epoch: 9/10 iter: 4672/5467 loss: 5.102
2018-12-22 02:42:39,840 - INFO: Epoch: 9/10 iter: 4736/5467 loss: 5.4
2018-12-22 02:45:03,262 - INFO: Epoch: 9/10 iter: 4800/5467 loss: 5.497
2018-12-22 02:47:29,072 - INFO: Epoch: 9/10 iter: 4864/5467 loss: 5.155
2018-12-22 02:49:48,400 - INFO: Epoch: 9/10 iter: 4928/5467 loss: 5.518
2018-12-22 02:52:14,610 - INFO: Epoch: 9/10 iter: 4992/5467 loss: 5.175
2018-12-22 02:54:35,118 - INFO: Epoch: 9/10 iter: 5056/5467 loss: 5.369
2018-12-22 02:56:57,103 - INFO: Epoch: 9/10 iter: 5120/5467 loss: 5.114
2018-12-22 02:59:17,956 - INFO: Epoch: 9/10 iter: 5184/5467 loss: 5.3
2018-12-22 03:01:43,418 - INFO: Epoch: 9/10 iter: 5248/5467 loss: 4.993
2018-12-22 03:04:02,737 - INFO: Epoch: 9/10 iter: 5312/5467 loss: 5.324
2018-12-22 03:06:26,037 - INFO: Epoch: 9/10 iter: 5376/5467 loss: 5.195
2018-12-22 03:08:49,196 - INFO: Epoch: 9/10 iter: 5440/5467 loss: 5.242
2018-12-22 03:12:32,627 - INFO: Epoch: 10/10 iter: 64/5467 loss: 5.038
2018-12-22 03:15:08,173 - INFO: Epoch: 10/10 iter: 128/5467 loss: 4.978
2018-12-22 03:17:33,706 - INFO: Epoch: 10/10 iter: 192/5467 loss: 5.175
2018-12-22 03:19:50,923 - INFO: Epoch: 10/10 iter: 256/5467 loss: 4.937
2018-12-22 03:22:18,600 - INFO: Epoch: 10/10 iter: 320/5467 loss: 5.138
2018-12-22 03:24:36,165 - INFO: Epoch: 10/10 iter: 384/5467 loss: 4.924
2018-12-22 03:27:02,216 - INFO: Epoch: 10/10 iter: 448/5467 loss: 5.036
2018-12-22 03:29:24,639 - INFO: Epoch: 10/10 iter: 512/5467 loss: 5.169
2018-12-22 03:31:49,075 - INFO: Epoch: 10/10 iter: 576/5467 loss: 5.155
2018-12-22 03:34:09,585 - INFO: Epoch: 10/10 iter: 640/5467 loss: 5.092
2018-12-22 03:36:29,494 - INFO: Epoch: 10/10 iter: 704/5467 loss: 5.109
2018-12-22 03:38:56,280 - INFO: Epoch: 10/10 iter: 768/5467 loss: 5.182
2018-12-22 03:41:19,580 - INFO: Epoch: 10/10 iter: 832/5467 loss: 5.073
2018-12-22 03:43:41,318 - INFO: Epoch: 10/10 iter: 896/5467 loss: 5.128
2018-12-22 03:46:03,637 - INFO: Epoch: 10/10 iter: 960/5467 loss: 5.23
2018-12-22 03:48:28,000 - INFO: Epoch: 10/10 iter: 1024/5467 loss: 5.076
2018-12-22 03:50:46,451 - INFO: Epoch: 10/10 iter: 1088/5467 loss: 5.066
2018-12-22 03:53:09,825 - INFO: Epoch: 10/10 iter: 1152/5467 loss: 5.075
2018-12-22 03:55:32,914 - INFO: Epoch: 10/10 iter: 1216/5467 loss: 5.033
2018-12-22 03:57:58,330 - INFO: Epoch: 10/10 iter: 1280/5467 loss: 5.25
2018-12-22 04:00:15,755 - INFO: Epoch: 10/10 iter: 1344/5467 loss: 5.169
2018-12-22 04:02:41,428 - INFO: Epoch: 10/10 iter: 1408/5467 loss: 5.087
2018-12-22 04:05:00,029 - INFO: Epoch: 10/10 iter: 1472/5467 loss: 5.068
2018-12-22 04:07:22,433 - INFO: Epoch: 10/10 iter: 1536/5467 loss: 5.254
2018-12-22 04:09:39,522 - INFO: Epoch: 10/10 iter: 1600/5467 loss: 5.115
2018-12-22 04:12:02,464 - INFO: Epoch: 10/10 iter: 1664/5467 loss: 5.079
2018-12-22 04:14:23,285 - INFO: Epoch: 10/10 iter: 1728/5467 loss: 5.174
2018-12-22 04:16:46,744 - INFO: Epoch: 10/10 iter: 1792/5467 loss: 5.027
2018-12-22 04:19:12,920 - INFO: Epoch: 10/10 iter: 1856/5467 loss: 5.114
2018-12-22 04:21:37,984 - INFO: Epoch: 10/10 iter: 1920/5467 loss: 4.998
2018-12-22 04:24:05,703 - INFO: Epoch: 10/10 iter: 1984/5467 loss: 5.14
2018-12-22 04:26:25,782 - INFO: Epoch: 10/10 iter: 2048/5467 loss: 5.201
2018-12-22 04:28:47,419 - INFO: Epoch: 10/10 iter: 2112/5467 loss: 5.105
2018-12-22 04:31:04,017 - INFO: Epoch: 10/10 iter: 2176/5467 loss: 5.119
2018-12-22 04:33:30,752 - INFO: Epoch: 10/10 iter: 2240/5467 loss: 5.009
2018-12-22 04:36:00,952 - INFO: Epoch: 10/10 iter: 2304/5467 loss: 5.089
2018-12-22 04:38:40,626 - INFO: Epoch: 10/10 iter: 2368/5467 loss: 5.059
2018-12-22 04:41:04,181 - INFO: Epoch: 10/10 iter: 2432/5467 loss: 5.191
2018-12-22 04:43:27,531 - INFO: Epoch: 10/10 iter: 2496/5467 loss: 5.159
2018-12-22 04:45:53,576 - INFO: Epoch: 10/10 iter: 2560/5467 loss: 4.887
2018-12-22 04:48:19,027 - INFO: Epoch: 10/10 iter: 2624/5467 loss: 5.196
2018-12-22 04:50:40,730 - INFO: Epoch: 10/10 iter: 2688/5467 loss: 5.242
2018-12-22 04:53:05,439 - INFO: Epoch: 10/10 iter: 2752/5467 loss: 4.966
2018-12-22 04:55:24,661 - INFO: Epoch: 10/10 iter: 2816/5467 loss: 4.968
2018-12-22 04:57:42,745 - INFO: Epoch: 10/10 iter: 2880/5467 loss: 5.265
2018-12-22 05:00:05,597 - INFO: Epoch: 10/10 iter: 2944/5467 loss: 5.263
2018-12-22 05:02:24,881 - INFO: Epoch: 10/10 iter: 3008/5467 loss: 5.05
2018-12-22 05:04:53,676 - INFO: Epoch: 10/10 iter: 3072/5467 loss: 5.203
2018-12-22 05:07:14,071 - INFO: Epoch: 10/10 iter: 3136/5467 loss: 4.964
2018-12-22 05:09:35,481 - INFO: Epoch: 10/10 iter: 3200/5467 loss: 5.045
2018-12-22 05:11:59,806 - INFO: Epoch: 10/10 iter: 3264/5467 loss: 5.369
2018-12-22 05:14:48,672 - INFO: Epoch: 10/10 iter: 3328/5467 loss: 4.921
2018-12-22 05:17:07,616 - INFO: Epoch: 10/10 iter: 3392/5467 loss: 5.196
2018-12-22 05:19:33,848 - INFO: Epoch: 10/10 iter: 3456/5467 loss: 5.161
2018-12-22 05:21:55,305 - INFO: Epoch: 10/10 iter: 3520/5467 loss: 5.058
2018-12-22 05:24:24,728 - INFO: Epoch: 10/10 iter: 3584/5467 loss: 5.04
2018-12-22 05:26:56,541 - INFO: Epoch: 10/10 iter: 3648/5467 loss: 5.025
2018-12-22 05:29:16,510 - INFO: Epoch: 10/10 iter: 3712/5467 loss: 5.203
2018-12-22 05:31:41,105 - INFO: Epoch: 10/10 iter: 3776/5467 loss: 5.036
2018-12-22 05:34:05,346 - INFO: Epoch: 10/10 iter: 3840/5467 loss: 5.027
2018-12-22 05:36:27,395 - INFO: Epoch: 10/10 iter: 3904/5467 loss: 5.114
2018-12-22 05:38:49,232 - INFO: Epoch: 10/10 iter: 3968/5467 loss: 5.168
2018-12-22 05:41:22,700 - INFO: Epoch: 10/10 iter: 4032/5467 loss: 5.214
2018-12-22 05:43:46,301 - INFO: Epoch: 10/10 iter: 4096/5467 loss: 5.116
2018-12-22 05:46:13,259 - INFO: Epoch: 10/10 iter: 4160/5467 loss: 5.041
2018-12-22 05:48:38,680 - INFO: Epoch: 10/10 iter: 4224/5467 loss: 4.859
2018-12-22 05:51:03,527 - INFO: Epoch: 10/10 iter: 4288/5467 loss: 5.062
2018-12-22 05:53:33,200 - INFO: Epoch: 10/10 iter: 4352/5467 loss: 5.254
2018-12-22 05:56:02,315 - INFO: Epoch: 10/10 iter: 4416/5467 loss: 5.03
2018-12-22 05:58:27,539 - INFO: Epoch: 10/10 iter: 4480/5467 loss: 5.266
2018-12-22 06:00:48,743 - INFO: Epoch: 10/10 iter: 4544/5467 loss: 5.089
2018-12-22 06:03:12,543 - INFO: Epoch: 10/10 iter: 4608/5467 loss: 5.176
2018-12-22 06:05:36,097 - INFO: Epoch: 10/10 iter: 4672/5467 loss: 4.961
2018-12-22 06:08:00,570 - INFO: Epoch: 10/10 iter: 4736/5467 loss: 5.047
2018-12-22 06:10:22,428 - INFO: Epoch: 10/10 iter: 4800/5467 loss: 5.162
2018-12-22 06:12:46,092 - INFO: Epoch: 10/10 iter: 4864/5467 loss: 5.2
2018-12-22 06:15:14,744 - INFO: Epoch: 10/10 iter: 4928/5467 loss: 5.128
2018-12-22 06:17:36,243 - INFO: Epoch: 10/10 iter: 4992/5467 loss: 4.941
2018-12-22 06:20:00,354 - INFO: Epoch: 10/10 iter: 5056/5467 loss: 5.233
2018-12-22 06:22:23,639 - INFO: Epoch: 10/10 iter: 5120/5467 loss: 5.235
2018-12-22 06:24:47,888 - INFO: Epoch: 10/10 iter: 5184/5467 loss: 5.355
2018-12-22 06:27:15,090 - INFO: Epoch: 10/10 iter: 5248/5467 loss: 5.126
2018-12-22 06:29:41,943 - INFO: Epoch: 10/10 iter: 5312/5467 loss: 5.242
2018-12-22 06:31:57,804 - INFO: Epoch: 10/10 iter: 5376/5467 loss: 5.035
2018-12-22 06:34:19,479 - INFO: Epoch: 10/10 iter: 5440/5467 loss: 5.051

